[debug] [2022-10-15T17:37:05.329Z] ----------------------------------------------------------------------
[debug] [2022-10-15T17:37:05.331Z] Command:       C:\Program Files\nodejs\node.exe C:\Users\19mat\AppData\Roaming\npm\node_modules\firebase-tools\lib\bin\firebase.js deploy
[debug] [2022-10-15T17:37:05.332Z] CLI Version:   11.14.2
[debug] [2022-10-15T17:37:05.332Z] Platform:      win32
[debug] [2022-10-15T17:37:05.332Z] Node Version:  v16.17.0
[debug] [2022-10-15T17:37:05.333Z] Time:          Sat Oct 15 2022 19:37:05 GMT+0200 (Central European Summer Time)
[debug] [2022-10-15T17:37:05.334Z] ----------------------------------------------------------------------
[debug] 
[debug] [2022-10-15T17:37:05.425Z] > command requires scopes: ["email","openid","https://www.googleapis.com/auth/cloudplatformprojects.readonly","https://www.googleapis.com/auth/firebase","https://www.googleapis.com/auth/cloud-platform"]
[debug] [2022-10-15T17:37:05.425Z] > authorizing via signed-in user (letsdevelopthatapp@gmail.com)
[debug] [2022-10-15T17:37:05.425Z] [iam] checking project fb-clone-5e184 for permissions ["firebase.projects.get","firebasehosting.sites.update"]
[debug] [2022-10-15T17:37:05.427Z] > refreshing access token with scopes: []
[debug] [2022-10-15T17:37:05.429Z] >>> [apiv2][query] POST https://www.googleapis.com/oauth2/v3/token [none]
[debug] [2022-10-15T17:37:05.429Z] >>> [apiv2][body] POST https://www.googleapis.com/oauth2/v3/token [omitted]
[debug] [2022-10-15T17:37:05.622Z] <<< [apiv2][status] POST https://www.googleapis.com/oauth2/v3/token 200
[debug] [2022-10-15T17:37:05.622Z] <<< [apiv2][body] POST https://www.googleapis.com/oauth2/v3/token [omitted]
[debug] [2022-10-15T17:37:05.640Z] >>> [apiv2][query] POST https://cloudresourcemanager.googleapis.com/v1/projects/fb-clone-5e184:testIamPermissions [none]
[debug] [2022-10-15T17:37:05.640Z] >>> [apiv2][(partial)header] POST https://cloudresourcemanager.googleapis.com/v1/projects/fb-clone-5e184:testIamPermissions x-goog-quota-user=projects/fb-clone-5e184
[debug] [2022-10-15T17:37:05.641Z] >>> [apiv2][body] POST https://cloudresourcemanager.googleapis.com/v1/projects/fb-clone-5e184:testIamPermissions {"permissions":["firebase.projects.get","firebasehosting.sites.update"]}
[debug] [2022-10-15T17:37:06.586Z] <<< [apiv2][status] POST https://cloudresourcemanager.googleapis.com/v1/projects/fb-clone-5e184:testIamPermissions 200
[debug] [2022-10-15T17:37:06.587Z] <<< [apiv2][body] POST https://cloudresourcemanager.googleapis.com/v1/projects/fb-clone-5e184:testIamPermissions {}
[debug] [2022-10-15T17:37:06.587Z] [iam] error while checking permissions, command may fail: FirebaseError: Authorization failed. This account is missing the following required permissions on project fb-clone-5e184:

  firebase.projects.get
  firebasehosting.sites.update
[debug] [2022-10-15T17:37:06.589Z] >>> [apiv2][query] GET https://firebase.googleapis.com/v1beta1/projects/fb-clone-5e184 [none]
[debug] [2022-10-15T17:37:07.098Z] <<< [apiv2][status] GET https://firebase.googleapis.com/v1beta1/projects/fb-clone-5e184 403
[debug] [2022-10-15T17:37:07.099Z] <<< [apiv2][body] GET https://firebase.googleapis.com/v1beta1/projects/fb-clone-5e184 {"error":{"code":403,"message":"The caller does not have permission","status":"PERMISSION_DENIED"}}
[debug] [2022-10-15T17:37:07.101Z] HTTP Error: 403, The caller does not have permission
[debug] [2022-10-15T17:37:07.231Z] FirebaseError: HTTP Error: 403, The caller does not have permission
    at responseToError (C:\Users\19mat\AppData\Roaming\npm\node_modules\firebase-tools\lib\responseToError.js:49:12)
    at RetryOperation._fn (C:\Users\19mat\AppData\Roaming\npm\node_modules\firebase-tools\lib\apiv2.js:288:77)
    at processTicksAndRejections (node:internal/process/task_queues:96:5)
[error] 
[error] Error: Failed to get Firebase project fb-clone-5e184. Please make sure the project exists and your account has permission to access it.
[debug] [2022-10-15T17:38:33.465Z] ----------------------------------------------------------------------
[debug] [2022-10-15T17:38:33.468Z] Command:       C:\Program Files\nodejs\node.exe C:\Users\19mat\AppData\Roaming\npm\node_modules\firebase-tools\lib\bin\firebase.js deploy
[debug] [2022-10-15T17:38:33.469Z] CLI Version:   11.14.4
[debug] [2022-10-15T17:38:33.469Z] Platform:      win32
[debug] [2022-10-15T17:38:33.469Z] Node Version:  v16.17.0
[debug] [2022-10-15T17:38:33.470Z] Time:          Sat Oct 15 2022 19:38:33 GMT+0200 (Central European Summer Time)
[debug] [2022-10-15T17:38:33.471Z] ----------------------------------------------------------------------
[debug] 
[debug] [2022-10-15T17:38:33.550Z] > command requires scopes: ["email","openid","https://www.googleapis.com/auth/cloudplatformprojects.readonly","https://www.googleapis.com/auth/firebase","https://www.googleapis.com/auth/cloud-platform"]
[debug] [2022-10-15T17:38:33.550Z] > authorizing via signed-in user (letsdevelopthatapp@gmail.com)
[debug] [2022-10-15T17:38:33.550Z] [iam] checking project fb-clone-5e184 for permissions ["firebase.projects.get","firebasehosting.sites.update"]
[debug] [2022-10-15T17:38:33.553Z] >>> [apiv2][query] POST https://cloudresourcemanager.googleapis.com/v1/projects/fb-clone-5e184:testIamPermissions [none]
[debug] [2022-10-15T17:38:33.553Z] >>> [apiv2][(partial)header] POST https://cloudresourcemanager.googleapis.com/v1/projects/fb-clone-5e184:testIamPermissions x-goog-quota-user=projects/fb-clone-5e184
[debug] [2022-10-15T17:38:33.553Z] >>> [apiv2][body] POST https://cloudresourcemanager.googleapis.com/v1/projects/fb-clone-5e184:testIamPermissions {"permissions":["firebase.projects.get","firebasehosting.sites.update"]}
[debug] [2022-10-15T17:38:34.453Z] <<< [apiv2][status] POST https://cloudresourcemanager.googleapis.com/v1/projects/fb-clone-5e184:testIamPermissions 200
[debug] [2022-10-15T17:38:34.454Z] <<< [apiv2][body] POST https://cloudresourcemanager.googleapis.com/v1/projects/fb-clone-5e184:testIamPermissions {}
[debug] [2022-10-15T17:38:34.455Z] [iam] error while checking permissions, command may fail: FirebaseError: Authorization failed. This account is missing the following required permissions on project fb-clone-5e184:

  firebase.projects.get
  firebasehosting.sites.update
[debug] [2022-10-15T17:38:34.456Z] >>> [apiv2][query] GET https://firebase.googleapis.com/v1beta1/projects/fb-clone-5e184 [none]
[debug] [2022-10-15T17:38:34.856Z] <<< [apiv2][status] GET https://firebase.googleapis.com/v1beta1/projects/fb-clone-5e184 403
[debug] [2022-10-15T17:38:34.856Z] <<< [apiv2][body] GET https://firebase.googleapis.com/v1beta1/projects/fb-clone-5e184 {"error":{"code":403,"message":"The caller does not have permission","status":"PERMISSION_DENIED"}}
[debug] [2022-10-15T17:38:34.857Z] HTTP Error: 403, The caller does not have permission
[debug] [2022-10-15T17:38:34.983Z] FirebaseError: HTTP Error: 403, The caller does not have permission
    at responseToError (C:\Users\19mat\AppData\Roaming\npm\node_modules\firebase-tools\lib\responseToError.js:49:12)
    at RetryOperation._fn (C:\Users\19mat\AppData\Roaming\npm\node_modules\firebase-tools\lib\apiv2.js:288:77)
    at processTicksAndRejections (node:internal/process/task_queues:96:5)
[error] 
[error] Error: Failed to get Firebase project fb-clone-5e184. Please make sure the project exists and your account has permission to access it.
[debug] [2022-10-15T17:39:04.707Z] ----------------------------------------------------------------------
[debug] [2022-10-15T17:39:04.709Z] Command:       C:\Program Files\nodejs\node.exe C:\Users\19mat\AppData\Roaming\npm\node_modules\firebase-tools\lib\bin\firebase.js init hosting
[debug] [2022-10-15T17:39:04.710Z] CLI Version:   11.14.4
[debug] [2022-10-15T17:39:04.710Z] Platform:      win32
[debug] [2022-10-15T17:39:04.710Z] Node Version:  v16.17.0
[debug] [2022-10-15T17:39:04.711Z] Time:          Sat Oct 15 2022 19:39:04 GMT+0200 (Central European Summer Time)
[debug] [2022-10-15T17:39:04.711Z] ----------------------------------------------------------------------
[debug] 
[debug] [2022-10-15T17:39:04.822Z] > command requires scopes: ["email","openid","https://www.googleapis.com/auth/cloudplatformprojects.readonly","https://www.googleapis.com/auth/firebase","https://www.googleapis.com/auth/cloud-platform"]
[debug] [2022-10-15T17:39:04.823Z] > authorizing via signed-in user (letsdevelopthatapp@gmail.com)
[info] 
     ######## #### ########  ######## ########     ###     ######  ########
     ##        ##  ##     ## ##       ##     ##  ##   ##  ##       ##
     ######    ##  ########  ######   ########  #########  ######  ######
     ##        ##  ##    ##  ##       ##     ## ##     ##       ## ##
     ##       #### ##     ## ######## ########  ##     ##  ######  ########

You're about to initialize a Firebase project in this directory:

  C:\Users\19mat\work\fb\fb-clone

Before we get started, keep in mind:

  * You are initializing within an existing Firebase project directory

[info] 
=== Project Setup
[info] 
[info] First, let's associate this project directory with a Firebase project.
[info] You can create multiple project aliases by running firebase use --add, 
[info] but for now we'll just set up a default project.
[info] 
[debug] [2022-10-15T17:39:08.415Z] Using project from CLI flag: fb-clone-5e184
[debug] [2022-10-15T17:39:08.419Z] >>> [apiv2][query] GET https://firebase.googleapis.com/v1beta1/projects/fb-clone-5e184 [none]
[debug] [2022-10-15T17:39:08.778Z] <<< [apiv2][status] GET https://firebase.googleapis.com/v1beta1/projects/fb-clone-5e184 403
[debug] [2022-10-15T17:39:08.779Z] <<< [apiv2][body] GET https://firebase.googleapis.com/v1beta1/projects/fb-clone-5e184 {"error":{"code":403,"message":"The caller does not have permission","status":"PERMISSION_DENIED"}}
[debug] [2022-10-15T17:39:08.780Z] HTTP Error: 403, The caller does not have permission
[debug] [2022-10-15T17:39:08.898Z] FirebaseError: HTTP Error: 403, The caller does not have permission
    at responseToError (C:\Users\19mat\AppData\Roaming\npm\node_modules\firebase-tools\lib\responseToError.js:49:12)
    at RetryOperation._fn (C:\Users\19mat\AppData\Roaming\npm\node_modules\firebase-tools\lib\apiv2.js:288:77)
    at processTicksAndRejections (node:internal/process/task_queues:96:5)
[error] 
[error] Error: Failed to get Firebase project fb-clone-5e184. Please make sure the project exists and your account has permission to access it.
